<?xml version="1.0" encoding="UTF-8" ?>
<testsuite errors="0" failures="0" hostname="welcome-PC" name="test.com.loa.tw.TWTest" skipped="0" tests="7" time="0.166" timestamp="2015-11-13T08:20:35">
  <properties>
[...]
</properties>
  <testcase classname="test.com.loa.tw.TWTest" name="testIronIntergalacticNumerals" time="0.022" />
  <testcase classname="test.com.loa.tw.TWTest" name="testGoldIntergalacticNumerals" time="0.001" />
  <testcase classname="test.com.loa.tw.TWTest" name="testIntergalacticNumerals" time="0.001" />
  <testcase classname="test.com.loa.tw.TWTest" name="testSilverIntergalacticNumerals" time="0.001" />
  <testcase classname="test.com.loa.tw.TWTest" name="testInputFileIntergalacticNumerals" time="0.008" />
  <testcase classname="test.com.loa.tw.TWTest" name="testIronExceptionIntergalacticNumerals" time="0.007" />
  <testcase classname="test.com.loa.tw.TWTest" name="testRomanNumerals" time="0.002" />
  <system-out><![CDATA[]]></system-out>
  <system-err><![CDATA[]]></system-err>
</testsuite>
